#-----------------------------------------------------------
# Vivado v2022.2 (64-bit)
# SW Build 3671981 on Fri Oct 14 05:00:03 MDT 2022
# IP Build 3669848 on Fri Oct 14 08:30:02 MDT 2022
# Start of session at: Thu Mar  9 12:36:56 2023
# Process ID: 11228
# Current directory: C:/Users/062062/Desktop/trimode_example/xc7z020clg400_example/tri_mode_ethernet_mac_0_ex
# Command line: vivado.exe -gui_launcher_event rodinguilauncherevent14068 C:\Users\062062\Desktop\trimode_example\xc7z020clg400_example\tri_mode_ethernet_mac_0_ex\tri_mode_ethernet_mac_0_ex.xpr
# Log file: C:/Users/062062/Desktop/trimode_example/xc7z020clg400_example/tri_mode_ethernet_mac_0_ex/vivado.log
# Journal file: C:/Users/062062/Desktop/trimode_example/xc7z020clg400_example/tri_mode_ethernet_mac_0_ex\vivado.jou
# Running On: AUCHL02NB162062, OS: Windows, CPU Frequency: 2995 MHz, CPU Physical cores: 4, Host memory: 68384 MB
#-----------------------------------------------------------
start_gui
open_project C:/Users/062062/Desktop/trimode_example/xc7z020clg400_example/tri_mode_ethernet_mac_0_ex/tri_mode_ethernet_mac_0_ex.xpr
WARNING: [Board 49-26] cannot add Board Part xilinx.com:vek280_es:part0:1.0 available at C:/Xilinx2022p2/Vivado/2022.2/data/xhub/boards/XilinxBoardStore/boards/Xilinx/vek280/es/1.0/board.xml as part xcve2802-vsvh1760-2lp-e-s-es1 specified in board_part file is either invalid or not available
WARNING: [Board 49-26] cannot add Board Part xilinx.com:vhk158_es:part0:1.0 available at C:/Xilinx2022p2/Vivado/2022.2/data/xhub/boards/XilinxBoardStore/boards/Xilinx/vhk158/es/1.0/board.xml as part xcvh1582-vsva3697-2mp-e-s-es1 specified in board_part file is either invalid or not available
WARNING: [Board 49-26] cannot add Board Part xilinx.com:vpk120_es:part0:1.2 available at C:/Xilinx2022p2/Vivado/2022.2/data/xhub/boards/XilinxBoardStore/boards/Xilinx/vpk120/es/1.2/board.xml as part xcvp1202-vsva2785-2mp-e-s-es1 specified in board_part file is either invalid or not available
WARNING: [Board 49-26] cannot add Board Part xilinx.com:vpk120_es_revb:part0:1.0 available at C:/Xilinx2022p2/Vivado/2022.2/data/xhub/boards/XilinxBoardStore/boards/Xilinx/vpk120_revb/es/1.0/board.xml as part xcvp1202-vsva2785-2mp-e-s-es1 specified in board_part file is either invalid or not available
WARNING: [Board 49-26] cannot add Board Part xilinx.com:vpk180_es:part0:1.0 available at C:/Xilinx2022p2/Vivado/2022.2/data/xhub/boards/XilinxBoardStore/boards/Xilinx/vpk180/es/1.0/board.xml as part xcvp1802-lsvc4072-2mp-e-s-es1 specified in board_part file is either invalid or not available
WARNING: [Board 49-26] cannot add Board Part xilinx.com:zcu208ld:part0:2.0 available at C:/Xilinx2022p2/Vivado/2022.2/data/xhub/boards/XilinxBoardStore/boards/Xilinx/zcu208ld/production/2.0/board.xml as part xczu58dr-fsvg1517-2-i specified in board_part file is either invalid or not available
WARNING: [Board 49-26] cannot add Board Part xilinx.com:zcu216ld:part0:2.0 available at C:/Xilinx2022p2/Vivado/2022.2/data/xhub/boards/XilinxBoardStore/boards/Xilinx/zcu216ld/production/2.0/board.xml as part xczu59dr-ffvf1760-2-i specified in board_part file is either invalid or not available
WARNING: [Board 49-26] cannot add Board Part xilinx.com:zcu670:part0:2.0 available at C:/Xilinx2022p2/Vivado/2022.2/data/xhub/boards/XilinxBoardStore/boards/Xilinx/zcu670/2.0/board.xml as part xczu67dr-fsve1156-2-i specified in board_part file is either invalid or not available
WARNING: [Board 49-26] cannot add Board Part xilinx.com:zcu670ld:part0:1.0 available at C:/Xilinx2022p2/Vivado/2022.2/data/xhub/boards/XilinxBoardStore/boards/Xilinx/zcu670ld/1.0/board.xml as part xczu57dr-fsve1156-2-i specified in board_part file is either invalid or not available
Scanning sources...
Finished scanning sources
INFO: [IP_Flow 19-234] Refreshing IP repositories
INFO: [IP_Flow 19-1704] No user IP repositories specified
INFO: [IP_Flow 19-2313] Loaded Vivado IP repository 'C:/Xilinx2022p2/Vivado/2022.2/data/ip'.
open_project: Time (s): cpu = 00:00:28 ; elapsed = 00:00:11 . Memory (MB): peak = 1734.855 ; gain = 300.516
update_compile_order -fileset sources_1
reset_run synth_1
INFO: [Project 1-1161] Replacing file C:/Users/062062/Desktop/trimode_example/xc7z020clg400_example/tri_mode_ethernet_mac_0_ex/tri_mode_ethernet_mac_0_ex.srcs/utils_1/imports/synth_1/tri_mode_ethernet_mac_0_example_design.dcp with file C:/Users/062062/Desktop/trimode_example/xc7z020clg400_example/tri_mode_ethernet_mac_0_ex/tri_mode_ethernet_mac_0_ex.runs/synth_1/tri_mode_ethernet_mac_0_example_design.dcp
launch_runs impl_1 -jobs 8
[Thu Mar  9 12:41:58 2023] Launched synth_1...
Run output will be captured here: C:/Users/062062/Desktop/trimode_example/xc7z020clg400_example/tri_mode_ethernet_mac_0_ex/tri_mode_ethernet_mac_0_ex.runs/synth_1/runme.log
[Thu Mar  9 12:41:58 2023] Launched impl_1...
Run output will be captured here: C:/Users/062062/Desktop/trimode_example/xc7z020clg400_example/tri_mode_ethernet_mac_0_ex/tri_mode_ethernet_mac_0_ex.runs/impl_1/runme.log
reset_run impl_1
launch_runs impl_1 -jobs 8
[Thu Mar  9 12:54:43 2023] Launched impl_1...
Run output will be captured here: C:/Users/062062/Desktop/trimode_example/xc7z020clg400_example/tri_mode_ethernet_mac_0_ex/tri_mode_ethernet_mac_0_ex.runs/impl_1/runme.log
reset_run impl_1
reset_run synth_1
INFO: [Project 1-1161] Replacing file C:/Users/062062/Desktop/trimode_example/xc7z020clg400_example/tri_mode_ethernet_mac_0_ex/tri_mode_ethernet_mac_0_ex.srcs/utils_1/imports/synth_1/tri_mode_ethernet_mac_0_example_design.dcp with file C:/Users/062062/Desktop/trimode_example/xc7z020clg400_example/tri_mode_ethernet_mac_0_ex/tri_mode_ethernet_mac_0_ex.runs/synth_1/tri_mode_ethernet_mac_0_example_design.dcp
launch_runs impl_1 -jobs 8
[Thu Mar  9 12:57:14 2023] Launched synth_1...
Run output will be captured here: C:/Users/062062/Desktop/trimode_example/xc7z020clg400_example/tri_mode_ethernet_mac_0_ex/tri_mode_ethernet_mac_0_ex.runs/synth_1/runme.log
[Thu Mar  9 12:57:14 2023] Launched impl_1...
Run output will be captured here: C:/Users/062062/Desktop/trimode_example/xc7z020clg400_example/tri_mode_ethernet_mac_0_ex/tri_mode_ethernet_mac_0_ex.runs/impl_1/runme.log
exit
INFO: [Common 17-206] Exiting Vivado at Thu Mar  9 13:01:36 2023...
